{
  "RSpec": {
    "coverage": {
      "/home/ad/fshome2/u2/j/jkari/Linux/ShortTermMemoryTest/app/helpers/application_helper.rb": [
        1,
        null
      ],
      "/home/ad/fshome2/u2/j/jkari/Linux/ShortTermMemoryTest/app/helpers/lists_helper.rb": [
        1,
        null
      ],
      "/home/ad/fshome2/u2/j/jkari/Linux/ShortTermMemoryTest/app/helpers/numbers_helper.rb": [
        1,
        null
      ],
      "/home/ad/fshome2/u2/j/jkari/Linux/ShortTermMemoryTest/app/helpers/numbersets_helper.rb": [
        1,
        null
      ],
      "/home/ad/fshome2/u2/j/jkari/Linux/ShortTermMemoryTest/app/helpers/users_helper.rb": [
        1,
        null
      ],
      "/home/ad/fshome2/u2/j/jkari/Linux/ShortTermMemoryTest/app/models/list.rb": [
        1,
        1,
        1,
        null
      ],
      "/home/ad/fshome2/u2/j/jkari/Linux/ShortTermMemoryTest/app/models/user.rb": [
        1,
        1,
        0,
        null,
        null,
        1,
        null
      ],
      "/home/ad/fshome2/u2/j/jkari/Linux/ShortTermMemoryTest/app/controllers/lists_controller.rb": [
        1,
        1,
        null,
        null,
        null,
        1,
        0,
        null,
        null,
        null,
        null,
        1,
        null,
        null,
        null,
        1,
        3,
        null,
        null,
        null,
        1,
        null,
        null,
        null,
        null,
        1,
        null,
        3,
        null,
        3,
        3,
        null,
        3,
        3,
        null,
        null,
        3,
        null,
        3,
        3,
        null,
        3,
        147,
        36,
        36,
        36,
        36,
        36,
        36,
        36,
        36,
        null,
        147,
        147,
        147,
        147,
        147,
        null,
        null,
        null,
        null,
        3,
        6,
        3,
        null,
        null,
        null,
        null,
        null,
        null,
        1,
        0,
        0,
        0,
        0,
        null,
        0,
        0,
        null,
        null,
        null,
        null,
        null,
        null,
        1,
        0,
        0,
        0,
        0,
        null,
        null,
        null,
        1,
        null,
        1,
        3,
        null,
        null,
        null,
        1,
        3,
        null,
        null
      ],
      "/home/ad/fshome2/u2/j/jkari/Linux/ShortTermMemoryTest/app/controllers/application_controller.rb": [
        1,
        null,
        null,
        1,
        null
      ],
      "/home/ad/fshome2/u2/j/jkari/Linux/ShortTermMemoryTest/app/models/numberset.rb": [
        1,
        1,
        1,
        null
      ],
      "/home/ad/fshome2/u2/j/jkari/Linux/ShortTermMemoryTest/app/models/number.rb": [
        1,
        1,
        1,
        null,
        null,
        null
      ]
    },
    "timestamp": 1401194311
  }
}
