{
  "RSpec": {
    "coverage": {
      "/home/ad/fshome1/u1/a/artokaik/Linux/Projects/STMTBack/app/models/user.rb": [
        1,
        1,
        null,
        null,
        1,
        null,
        1,
        1,
        null
      ],
      "/home/ad/fshome1/u1/a/artokaik/Linux/Projects/STMTBack/app/models/list.rb": [
        1,
        1,
        1,
        1,
        1,
        null
      ],
      "/home/ad/fshome1/u1/a/artokaik/Linux/Projects/STMTBack/app/helpers/application_helper.rb": [
        1,
        null
      ],
      "/home/ad/fshome1/u1/a/artokaik/Linux/Projects/STMTBack/app/helpers/lists_helper.rb": [
        1,
        null
      ],
      "/home/ad/fshome1/u1/a/artokaik/Linux/Projects/STMTBack/app/helpers/numbers_helper.rb": [
        1,
        null
      ],
      "/home/ad/fshome1/u1/a/artokaik/Linux/Projects/STMTBack/app/helpers/numbersets_helper.rb": [
        1,
        null
      ],
      "/home/ad/fshome1/u1/a/artokaik/Linux/Projects/STMTBack/app/helpers/testcases_helper.rb": [
        1,
        null
      ],
      "/home/ad/fshome1/u1/a/artokaik/Linux/Projects/STMTBack/app/helpers/testlogs_helper.rb": [
        1,
        null
      ],
      "/home/ad/fshome1/u1/a/artokaik/Linux/Projects/STMTBack/app/helpers/users_helper.rb": [
        1,
        null
      ],
      "/home/ad/fshome1/u1/a/artokaik/Linux/Projects/STMTBack/app/controllers/lists_controller.rb": [
        1,
        1,
        1,
        null,
        1,
        1,
        null,
        null,
        null,
        null,
        1,
        2,
        null,
        null,
        null,
        null,
        1,
        null,
        null,
        null,
        1,
        5,
        null,
        null,
        null,
        null,
        null,
        null,
        null,
        null,
        1,
        0,
        0,
        0,
        0,
        0,
        0,
        null,
        null,
        null,
        null,
        null,
        null,
        1,
        0,
        0,
        0,
        0,
        0,
        null,
        null,
        null,
        null,
        null,
        1,
        null,
        5,
        null,
        5,
        5,
        5,
        0,
        null,
        5,
        null,
        null,
        5,
        null,
        null,
        null,
        5,
        5,
        null,
        null,
        5,
        null,
        5,
        5,
        null,
        5,
        245,
        60,
        60,
        60,
        60,
        60,
        60,
        60,
        60,
        null,
        245,
        245,
        245,
        245,
        245,
        null,
        null,
        null,
        null,
        5,
        10,
        5,
        null,
        null,
        null,
        null,
        null,
        null,
        null,
        null,
        null,
        null,
        null,
        null,
        null,
        null,
        null,
        null,
        null,
        null,
        null,
        null,
        1,
        1,
        1,
        2,
        1,
        null,
        null,
        null,
        1,
        null,
        1,
        7,
        null,
        null,
        null,
        1,
        5,
        null,
        null,
        1,
        0,
        null,
        null,
        null,
        null,
        null,
        null,
        null,
        null,
        null,
        null,
        null,
        1,
        0,
        0,
        0,
        null,
        0,
        null,
        0,
        null,
        null,
        1,
        0,
        0,
        0,
        null,
        0,
        null,
        null,
        null
      ],
      "/home/ad/fshome1/u1/a/artokaik/Linux/Projects/STMTBack/app/controllers/application_controller.rb": [
        1,
        null,
        null,
        1,
        null,
        1,
        19,
        19,
        19,
        null,
        null,
        null,
        null,
        null,
        null,
        1,
        19,
        0,
        0,
        0,
        0,
        0,
        null,
        null,
        null,
        null
      ],
      "/home/ad/fshome1/u1/a/artokaik/Linux/Projects/STMTBack/app/models/numberset.rb": [
        1,
        1,
        1,
        null
      ],
      "/home/ad/fshome1/u1/a/artokaik/Linux/Projects/STMTBack/app/models/number.rb": [
        1,
        1,
        1,
        null,
        null,
        null
      ]
    },
    "timestamp": 1401879289
  }
}
